<?xml version="1.0" encoding="UTF-8"?>
<testng-results skipped="0" failed="2" ignored="0" total="3" passed="1">
  <reporter-output>
    <line>
      <![CDATA[initiating chrome]]>
    </line>
    <line>
      <![CDATA[Opening url:https://www.saucedemo.com/]]>
    </line>
    <line>
      <![CDATA[Find By CSSELECTOR: [data-test='username'] When present]]>
    </line>
    <line>
      <![CDATA[Clearing]]>
    </line>
    <line>
      <![CDATA[Typing: standard_user]]>
    </line>
    <line>
      <![CDATA[Find By CSSELECTOR: [data-test='password'] When present]]>
    </line>
    <line>
      <![CDATA[Clearing]]>
    </line>
    <line>
      <![CDATA[Typing: 333]]>
    </line>
    <line>
      <![CDATA[Find By CSSELECTOR: .login-button When present]]>
    </line>
    <line>
      <![CDATA[Clicking]]>
    </line>
    <line>
      <![CDATA[lg11_loginFailed failed: Failed That Fuck 2]]>
    </line>
    <line>
      <![CDATA[<a target="_blank" href=C:\Users\benny\eclipse-workspace\advancedbenny\src\test\resources\screenshots\chrome\lg11_loginFailedThu_Dec_20_00_23_28_IST_2018.png>Screenshot</a>]]>
    </line>
    <line>
      <![CDATA[Find By CSSELECTOR: [data-test='username'] When present]]>
    </line>
    <line>
      <![CDATA[Clearing]]>
    </line>
    <line>
      <![CDATA[Typing: standard_user]]>
    </line>
    <line>
      <![CDATA[Find By CSSELECTOR: [data-test='password'] When present]]>
    </line>
    <line>
      <![CDATA[Clearing]]>
    </line>
    <line>
      <![CDATA[Typing: 111]]>
    </line>
    <line>
      <![CDATA[Find By CSSELECTOR: .login-button When present]]>
    </line>
    <line>
      <![CDATA[Clicking]]>
    </line>
    <line>
      <![CDATA[lg1_loginFailed failed: Failed That Fuck]]>
    </line>
    <line>
      <![CDATA[<a target="_blank" href=C:\Users\benny\eclipse-workspace\advancedbenny\src\test\resources\screenshots\chrome\lg1_loginFailedThu_Dec_20_00_23_31_IST_2018.png>Screenshot</a>]]>
    </line>
    <line>
      <![CDATA[Find By CSSELECTOR: [data-test='username'] When present]]>
    </line>
    <line>
      <![CDATA[Clearing]]>
    </line>
    <line>
      <![CDATA[Typing: standard_user]]>
    </line>
    <line>
      <![CDATA[Find By CSSELECTOR: [data-test='password'] When present]]>
    </line>
    <line>
      <![CDATA[Clearing]]>
    </line>
    <line>
      <![CDATA[Typing: secret_sauce]]>
    </line>
    <line>
      <![CDATA[Find By CSSELECTOR: .login-button When present]]>
    </line>
    <line>
      <![CDATA[Clicking]]>
    </line>
    <line>
      <![CDATA[Quiting browser]]>
    </line>
  </reporter-output>
  <suite name="advanced selenium suite" duration-ms="16267" started-at="2018-12-19T22:23:20Z" finished-at="2018-12-19T22:23:37Z">
    <groups>
    </groups>
    <test name="LoginTest" duration-ms="16267" started-at="2018-12-19T22:23:20Z" finished-at="2018-12-19T22:23:37Z">
      <class name="testcases.LoginTest">
        <test-method status="PASS" signature="setup(java.lang.String)[pri:0, instance:testcases.LoginTest@77a57272]" name="setup" is-config="true" duration-ms="5700" started-at="2018-12-19T22:23:20Z" finished-at="2018-12-19T22:23:26Z">
          <params>
            <param index="0">
              <value>
                <![CDATA[chrome]]>
              </value>
            </param>
          </params>
          <reporter-output>
            <line>
              <![CDATA[initiating chrome]]>
            </line>
            <line>
              <![CDATA[Opening url:https://www.saucedemo.com/]]>
            </line>
          </reporter-output>
        </test-method> <!-- setup -->
        <test-method status="FAIL" signature="lg11_loginFailed()[pri:0, instance:testcases.LoginTest@77a57272]" name="lg11_loginFailed" duration-ms="2443" started-at="2018-12-19T22:23:26Z" finished-at="2018-12-19T22:23:28Z">
          <exception class="java.lang.AssertionError">
            <message>
              <![CDATA[Failed That Fuck 2]]>
            </message>
            <full-stacktrace>
              <![CDATA[java.lang.AssertionError: Failed That Fuck 2
at org.testng.Assert.fail(Assert.java:96)
at testcases.LoginTest.lg11_loginFailed(LoginTest.java:21)
at sun.reflect.NativeMethodAccessorImpl.invoke0(Native Method)
at sun.reflect.NativeMethodAccessorImpl.invoke(Unknown Source)
at sun.reflect.DelegatingMethodAccessorImpl.invoke(Unknown Source)
at java.lang.reflect.Method.invoke(Unknown Source)
at org.testng.internal.MethodInvocationHelper.invokeMethod(MethodInvocationHelper.java:124)
at org.testng.internal.Invoker.invokeMethod(Invoker.java:583)
at org.testng.internal.Invoker.invokeTestMethod(Invoker.java:719)
at org.testng.internal.Invoker.invokeTestMethods(Invoker.java:989)
at org.testng.internal.TestMethodWorker.invokeTestMethods(TestMethodWorker.java:125)
at org.testng.internal.TestMethodWorker.run(TestMethodWorker.java:109)
at org.testng.TestRunner.privateRun(TestRunner.java:648)
at org.testng.TestRunner.run(TestRunner.java:505)
at org.testng.SuiteRunner.runTest(SuiteRunner.java:455)
at org.testng.SuiteRunner.runSequentially(SuiteRunner.java:450)
at org.testng.SuiteRunner.privateRun(SuiteRunner.java:415)
at org.testng.SuiteRunner.run(SuiteRunner.java:364)
at org.testng.SuiteRunnerWorker.runSuite(SuiteRunnerWorker.java:52)
at org.testng.SuiteRunnerWorker.run(SuiteRunnerWorker.java:84)
at org.testng.TestNG.runSuitesSequentially(TestNG.java:1208)
at org.testng.TestNG.runSuitesLocally(TestNG.java:1137)
at org.testng.TestNG.runSuites(TestNG.java:1049)
at org.testng.TestNG.run(TestNG.java:1017)
at org.testng.remote.AbstractRemoteTestNG.run(AbstractRemoteTestNG.java:114)
at org.testng.remote.RemoteTestNG.initAndRun(RemoteTestNG.java:251)
at org.testng.remote.RemoteTestNG.main(RemoteTestNG.java:77)
]]>
            </full-stacktrace>
          </exception> <!-- java.lang.AssertionError -->
          <reporter-output>
            <line>
              <![CDATA[Find By CSSELECTOR: [data-test='username'] When present]]>
            </line>
            <line>
              <![CDATA[Clearing]]>
            </line>
            <line>
              <![CDATA[Typing: standard_user]]>
            </line>
            <line>
              <![CDATA[Find By CSSELECTOR: [data-test='password'] When present]]>
            </line>
            <line>
              <![CDATA[Clearing]]>
            </line>
            <line>
              <![CDATA[Typing: 333]]>
            </line>
            <line>
              <![CDATA[Find By CSSELECTOR: .login-button When present]]>
            </line>
            <line>
              <![CDATA[Clicking]]>
            </line>
            <line>
              <![CDATA[lg11_loginFailed failed: Failed That Fuck 2]]>
            </line>
            <line>
              <![CDATA[<a target="_blank" href=C:\Users\benny\eclipse-workspace\advancedbenny\src\test\resources\screenshots\chrome\lg11_loginFailedThu_Dec_20_00_23_28_IST_2018.png>Screenshot</a>]]>
            </line>
          </reporter-output>
        </test-method> <!-- lg11_loginFailed -->
        <test-method status="FAIL" signature="lg1_loginFailed()[pri:0, instance:testcases.LoginTest@77a57272]" name="lg1_loginFailed" duration-ms="2236" started-at="2018-12-19T22:23:29Z" finished-at="2018-12-19T22:23:31Z">
          <exception class="java.lang.AssertionError">
            <message>
              <![CDATA[Failed That Fuck]]>
            </message>
            <full-stacktrace>
              <![CDATA[java.lang.AssertionError: Failed That Fuck
at org.testng.Assert.fail(Assert.java:96)
at testcases.LoginTest.lg1_loginFailed(LoginTest.java:14)
at sun.reflect.NativeMethodAccessorImpl.invoke0(Native Method)
at sun.reflect.NativeMethodAccessorImpl.invoke(Unknown Source)
at sun.reflect.DelegatingMethodAccessorImpl.invoke(Unknown Source)
at java.lang.reflect.Method.invoke(Unknown Source)
at org.testng.internal.MethodInvocationHelper.invokeMethod(MethodInvocationHelper.java:124)
at org.testng.internal.Invoker.invokeMethod(Invoker.java:583)
at org.testng.internal.Invoker.invokeTestMethod(Invoker.java:719)
at org.testng.internal.Invoker.invokeTestMethods(Invoker.java:989)
at org.testng.internal.TestMethodWorker.invokeTestMethods(TestMethodWorker.java:125)
at org.testng.internal.TestMethodWorker.run(TestMethodWorker.java:109)
at org.testng.TestRunner.privateRun(TestRunner.java:648)
at org.testng.TestRunner.run(TestRunner.java:505)
at org.testng.SuiteRunner.runTest(SuiteRunner.java:455)
at org.testng.SuiteRunner.runSequentially(SuiteRunner.java:450)
at org.testng.SuiteRunner.privateRun(SuiteRunner.java:415)
at org.testng.SuiteRunner.run(SuiteRunner.java:364)
at org.testng.SuiteRunnerWorker.runSuite(SuiteRunnerWorker.java:52)
at org.testng.SuiteRunnerWorker.run(SuiteRunnerWorker.java:84)
at org.testng.TestNG.runSuitesSequentially(TestNG.java:1208)
at org.testng.TestNG.runSuitesLocally(TestNG.java:1137)
at org.testng.TestNG.runSuites(TestNG.java:1049)
at org.testng.TestNG.run(TestNG.java:1017)
at org.testng.remote.AbstractRemoteTestNG.run(AbstractRemoteTestNG.java:114)
at org.testng.remote.RemoteTestNG.initAndRun(RemoteTestNG.java:251)
at org.testng.remote.RemoteTestNG.main(RemoteTestNG.java:77)
]]>
            </full-stacktrace>
          </exception> <!-- java.lang.AssertionError -->
          <reporter-output>
            <line>
              <![CDATA[Find By CSSELECTOR: [data-test='username'] When present]]>
            </line>
            <line>
              <![CDATA[Clearing]]>
            </line>
            <line>
              <![CDATA[Typing: standard_user]]>
            </line>
            <line>
              <![CDATA[Find By CSSELECTOR: [data-test='password'] When present]]>
            </line>
            <line>
              <![CDATA[Clearing]]>
            </line>
            <line>
              <![CDATA[Typing: 111]]>
            </line>
            <line>
              <![CDATA[Find By CSSELECTOR: .login-button When present]]>
            </line>
            <line>
              <![CDATA[Clicking]]>
            </line>
            <line>
              <![CDATA[lg1_loginFailed failed: Failed That Fuck]]>
            </line>
            <line>
              <![CDATA[<a target="_blank" href=C:\Users\benny\eclipse-workspace\advancedbenny\src\test\resources\screenshots\chrome\lg1_loginFailedThu_Dec_20_00_23_31_IST_2018.png>Screenshot</a>]]>
            </line>
          </reporter-output>
        </test-method> <!-- lg1_loginFailed -->
        <test-method status="PASS" signature="lg2_loginSucced()[pri:0, instance:testcases.LoginTest@77a57272]" name="lg2_loginSucced" duration-ms="4226" started-at="2018-12-19T22:23:32Z" finished-at="2018-12-19T22:23:36Z">
          <reporter-output>
            <line>
              <![CDATA[Find By CSSELECTOR: [data-test='username'] When present]]>
            </line>
            <line>
              <![CDATA[Clearing]]>
            </line>
            <line>
              <![CDATA[Typing: standard_user]]>
            </line>
            <line>
              <![CDATA[Find By CSSELECTOR: [data-test='password'] When present]]>
            </line>
            <line>
              <![CDATA[Clearing]]>
            </line>
            <line>
              <![CDATA[Typing: secret_sauce]]>
            </line>
            <line>
              <![CDATA[Find By CSSELECTOR: .login-button When present]]>
            </line>
            <line>
              <![CDATA[Clicking]]>
            </line>
          </reporter-output>
        </test-method> <!-- lg2_loginSucced -->
        <test-method status="PASS" signature="teardown()[pri:0, instance:testcases.LoginTest@77a57272]" name="teardown" is-config="true" duration-ms="620" started-at="2018-12-19T22:23:36Z" finished-at="2018-12-19T22:23:37Z">
          <reporter-output>
            <line>
              <![CDATA[Quiting browser]]>
            </line>
          </reporter-output>
        </test-method> <!-- teardown -->
      </class> <!-- testcases.LoginTest -->
    </test> <!-- LoginTest -->
  </suite> <!-- advanced selenium suite -->
</testng-results>
